<?xml version="1.0" encoding="UTF-8"?>
<!-- Generated by org.testng.reporters.JUnitReportReporter -->
<testsuite hostname="Pravin" failures="0" tests="1" name="com.mystore.testcases.TC_BuyProduct" time="30.833" errors="0" timestamp="2024-05-29T23:47:45 IST" skipped="0">
  <testcase classname="com.mystore.testcases.TC_BuyProduct" name="AddToCart" time="30.833"/>
</testsuite> <!-- com.mystore.testcases.TC_BuyProduct -->
