<?xml version="1.0" encoding="UTF-8"?>
<!-- Generated by org.testng.reporters.JUnitReportReporter -->
<testsuite hostname="Pravin" failures="0" tests="2" name="com.mystore.testcases.TC_MyAccountPageTest" time="2.976" errors="0" timestamp="2024-06-06T00:40:39 IST" skipped="1">
  <testcase classname="com.mystore.testcases.TC_MyAccountPageTest" name="VerifyLogin" time="2.976"/>
  <testcase classname="com.mystore.testcases.TC_MyAccountPageTest" name="VerifyRegistraionLogin">
    <skipped/>
  </testcase> <!-- VerifyRegistraionLogin -->
</testsuite> <!-- com.mystore.testcases.TC_MyAccountPageTest -->
