<?xml version="1.0" encoding="UTF-8"?>
<!-- Generated by org.testng.reporters.JUnitReportReporter -->
<testsuite hostname="Pravin" failures="0" tests="1" name="com.mystore.testcases.TC_ContactUs" time="8.951" errors="0" timestamp="2024-06-06T00:40:39 IST" skipped="0">
  <testcase classname="com.mystore.testcases.TC_ContactUs" name="VerifyContactUsSection" time="8.951"/>
</testsuite> <!-- com.mystore.testcases.TC_ContactUs -->
