<?xml version="1.0" encoding="UTF-8"?>
<!-- Generated by org.testng.reporters.JUnitReportReporter -->
<testsuite hostname="Pravin" failures="0" tests="1" name="com.mystore.testcases.TC_ProductPageTest" time="8.014" errors="0" timestamp="2024-05-29T23:40:56 IST" skipped="0">
  <testcase classname="com.mystore.testcases.TC_ProductPageTest" name="VerifySearchProduct" time="8.014"/>
</testsuite> <!-- com.mystore.testcases.TC_ProductPageTest -->
